[debug] [2022-01-06T17:52:52.721Z] ----------------------------------------------------------------------
[debug] [2022-01-06T17:52:52.723Z] Command:       /usr/local/bin/node /usr/local/bin/firebase init
[debug] [2022-01-06T17:52:52.724Z] CLI Version:   10.0.1
[debug] [2022-01-06T17:52:52.724Z] Platform:      linux
[debug] [2022-01-06T17:52:52.724Z] Node Version:  v14.16.0
[debug] [2022-01-06T17:52:52.724Z] Time:          Thu Jan 06 2022 13:52:52 GMT-0400 (Horário Padrão do Amazonas)
[debug] [2022-01-06T17:52:52.724Z] ----------------------------------------------------------------------
[debug] 
[debug] [2022-01-06T17:52:52.729Z] > command requires scopes: ["email","openid","https://www.googleapis.com/auth/cloudplatformprojects.readonly","https://www.googleapis.com/auth/firebase","https://www.googleapis.com/auth/cloud-platform"]
[debug] [2022-01-06T17:52:52.729Z] > authorizing via signed-in user (joao.vitordeoliveira@hotmail.com)
[info] 
     ######## #### ########  ######## ########     ###     ######  ########
     ##        ##  ##     ## ##       ##     ##  ##   ##  ##       ##
     ######    ##  ########  ######   ########  #########  ######  ######
     ##        ##  ##    ##  ##       ##     ## ##     ##       ## ##
     ##       #### ##     ## ######## ########  ##     ##  ######  ########

You're about to initialize a Firebase project in this directory:

  /home/joao/Documentos/www/rocketseat/next-level-week06/trilha-react/letmeask

[info] 
=== Project Setup
[info] 
[info] First, let's associate this project directory with a Firebase project.
[info] You can create multiple project aliases by running firebase use --add, 
[info] but for now we'll just set up a default project.
[info] 
[debug] [2022-01-06T17:53:44.557Z] >>> [apiv2][query] GET https://firebase.googleapis.com/v1beta1/projects pageSize=100
[debug] [2022-01-06T17:53:45.644Z] <<< [apiv2][status] GET https://firebase.googleapis.com/v1beta1/projects 200
[debug] [2022-01-06T17:53:45.646Z] <<< [apiv2][body] GET https://firebase.googleapis.com/v1beta1/projects [omitted]
[info] i  Using project letmeask-9f3fe (letmeask) 
[info] 
=== Database Setup
[info] i  database: ensuring required API firebasedatabase.googleapis.com is enabled... 
[debug] [2022-01-06T17:53:49.285Z] >>> [apiv2][query] GET https://serviceusage.googleapis.com/v1/projects/letmeask-9f3fe/services/firebasedatabase.googleapis.com [none]
[debug] [2022-01-06T17:53:50.538Z] <<< [apiv2][status] GET https://serviceusage.googleapis.com/v1/projects/letmeask-9f3fe/services/firebasedatabase.googleapis.com 200
[debug] [2022-01-06T17:53:50.541Z] <<< [apiv2][body] GET https://serviceusage.googleapis.com/v1/projects/letmeask-9f3fe/services/firebasedatabase.googleapis.com {"name":"projects/1054864263763/services/firebasedatabase.googleapis.com","config":{"name":"firebasedatabase.googleapis.com","title":"Firebase Realtime Database Management API","apis":[{"name":"google.firebase.database.v1beta.RealtimeDatabaseService","methods":[{"name":"CreateDatabaseInstance"},{"name":"GetDatabaseInstance"},{"name":"ListDatabaseInstances"},{"name":"DeleteDatabaseInstance"},{"name":"UndeleteDatabaseInstance"},{"name":"DisableDatabaseInstance"},{"name":"ReenableDatabaseInstance"}],"version":"v1beta"},{"name":"google.discovery.Discovery","methods":[{"name":"GetDiscovery"},{"name":"GetDiscoveryRest"}],"version":"v1"}],"documentation":{"summary":"The Firebase Realtime Database Management API enables programmatic provisioning and management of Realtime Database instances."},"quota":{"limits":[{"name":"ReadsPerMinutePerProject","metric":"firebasedatabase.googleapis.com/metadata/read_requests","unit":"1/min/{project}","values":{"DEFAULT":"600"}},{"name":"ReadsPerMinutePerProjectPerUser","metric":"firebasedatabase.googleapis.com/metadata/read_requests","unit":"1/min/{project}/{user}","values":{"DEFAULT":"300"}},{"name":"ReadsPerMinutePerOrganization","metric":"firebasedatabase.googleapis.com/metadata/read_requests","unit":"1/min/{organization}","values":{"DEFAULT":"1200"}},{"name":"WritesPerMinutePerProject","metric":"firebasedatabase.googleapis.com/metadata/write_requests","unit":"1/min/{project}","values":{"DEFAULT":"120"}},{"name":"WritesPerMinutePerProjectPerUser","metric":"firebasedatabase.googleapis.com/metadata/write_requests","unit":"1/min/{project}/{user}","values":{"DEFAULT":"100"}},{"name":"WritesPerMinutePerOrganization","metric":"firebasedatabase.googleapis.com/metadata/write_requests","unit":"1/min/{organization}","values":{"DEFAULT":"300"}},{"name":"CreatesPerMinutePerProject","metric":"firebasedatabase.googleapis.com/metadata/create_requests","unit":"1/min/{project}","values":{"DEFAULT":"100"}},{"name":"CreatesPerMinutePerProjectPerUser","metric":"firebasedatabase.googleapis.com/metadata/create_requests","unit":"1/min/{project}/{user}","values":{"DEFAULT":"100"}},{"name":"CreatesPerMinutePerOrganization","metric":"firebasedatabase.googleapis.com/metadata/create_requests","unit":"1/min/{organization}","values":{"DEFAULT":"100"}}]},"authentication":{"rules":[{"oauth":{"canonicalScopes":"https://www.googleapis.com/auth/cloud-platform,\nhttps://www.googleapis.com/auth/firebase,"}},{"oauth":{"canonicalScopes":"https://www.googleapis.com/auth/cloud-platform,\nhttps://www.googleapis.com/auth/cloud-platform.read-only,\nhttps://www.googleapis.com/auth/firebase,\nhttps://www.googleapis.com/auth/firebase.readonly"}},{"oauth":{"canonicalScopes":"https://www.googleapis.com/auth/cloud-platform,\nhttps://www.googleapis.com/auth/cloud-platform.read-only,\nhttps://www.googleapis.com/auth/firebase,\nhttps://www.googleapis.com/auth/firebase.readonly"}},{"oauth":{"canonicalScopes":"https://www.googleapis.com/auth/cloud-platform,\nhttps://www.googleapis.com/auth/firebase,"}},{"oauth":{"canonicalScopes":"https://www.googleapis.com/auth/cloud-platform,\nhttps://www.googleapis.com/auth/firebase,"}},{"oauth":{"canonicalScopes":"https://www.googleapis.com/auth/cloud-platform,\nhttps://www.googleapis.com/auth/firebase,"}},{"oauth":{"canonicalScopes":"https://www.googleapis.com/auth/cloud-platform,\nhttps://www.googleapis.com/auth/firebase,"}}]},"usage":{"requirements":["serviceusage.googleapis.com/tos/universal"]},"endpoints":[{"name":"firebasedatabase.googleapis.com"},{"name":"firebasedatabase.clients6.google.com"},{"name":"content-firebasedatabase.googleapis.com"}],"monitoredResources":[{"type":"firebase_namespace","displayName":"Firebase Realtime Database","description":"A Firebase Realtime Database.","labels":[{"key":"project_id","description":"The identifier of the GCP project associated with this resource, such as \"my-project\"."},{"key":"table_name","description":"The name of the database."},{"key":"location","description":"The location of the database."}],"launchStage":"GA"},{"type":"firebasedatabase.googleapis.com/table","labels":[{"key":"firebasedatabase.googleapis.com/table_name"},{"key":"cloud.googleapis.com/location"},{"key":"cloud.googleapis.com/project"},{"key":"cloud.googleapis.com/uid"}]},{"type":"serviceruntime.googleapis.com/api","labels":[{"key":"cloud.googleapis.com/location"},{"key":"cloud.googleapis.com/uid"},{"key":"serviceruntime.googleapis.com/api_version"},{"key":"serviceruntime.googleapis.com/api_method"},{"key":"serviceruntime.googleapis.com/consumer_project"},{"key":"cloud.googleapis.com/project"},{"key":"cloud.googleapis.com/service"}]},{"type":"serviceruntime.googleapis.com/consumer_quota","labels":[{"key":"cloud.googleapis.com/location"},{"key":"cloud.googleapis.com/uid"},{"key":"cloud.googleapis.com/service"},{"key":"cloud.googleapis.com/resource_id"},{"key":"cloud.googleapis.com/resource_node"},{"key":"cloud.googleapis.com/quota_metric"},{"key":"cloud.googleapis.com/quota_location"}]},{"type":"serviceruntime.googleapis.com/producer_quota","labels":[{"key":"cloud.googleapis.com/location"},{"key":"cloud.googleapis.com/uid"},{"key":"cloud.googleapis.com/service"},{"key":"cloud.googleapis.com/resource_id"},{"key":"cloud.googleapis.com/resource_node"},{"key":"cloud.googleapis.com/consumer_resource_node"},{"key":"cloud.googleapis.com/quota_metric"},{"key":"cloud.googleapis.com/quota_location"}]}],"monitoring":{"consumerDestinations":[{"monitoredResource":"firebase_namespace","metrics":["firebasedatabase.googleapis.com/storage/total_bytes","firebasedatabase.googleapis.com/storage/limit","firebasedatabase.googleapis.com/storage/disabled_for_overages","firebasedatabase.googleapis.com/network/monthly_sent","firebasedatabase.googleapis.com/network/monthly_sent_limit","firebasedatabase.googleapis.com/network/active_connections","firebasedatabase.googleapis.com/network/disabled_for_overages","firebasedatabase.googleapis.com/io/utilization","firebasedatabase.googleapis.com/io/database_load","firebasedatabase.googleapis.com/network/broadcast_load"]},{"monitoredResource":"firebase_namespace","metrics":["firebasedatabase.googleapis.com/network/sent_bytes_count","firebasedatabase.googleapis.com/network/api_hits_count","firebasedatabase.googleapis.com/network/https_requests_count","firebasedatabase.googleapis.com/io/persisted_bytes_count","firebasedatabase.googleapis.com/io/sent_responses_count","firebasedatabase.googleapis.com/network/sent_payload_and_protocol_bytes_count","firebasedatabase.googleapis.com/network/sent_payload_bytes_count","firebasedatabase.googleapis.com/rules/evaluation_count"]},{"monitoredResource":"firebasedatabase.googleapis.com/table","metrics":["firebasedatabase.googleapis.com/network/operations_count"]},{"monitoredResource":"serviceruntime.googleapis.com/api","metrics":["serviceruntime.googleapis.com/api/consumer/quota_used_count","serviceruntime.googleapis.com/api/consumer/quota_refund_count","serviceruntime.googleapis.com/quota/used","serviceruntime.googleapis.com/quota/limit","serviceruntime.googleapis.com/quota/exceeded","serviceruntime.googleapis.com/allocation/consumer/quota_used_count"]},{"monitoredResource":"serviceruntime.googleapis.com/consumer_quota","metrics":["serviceruntime.googleapis.com/quota/rate/consumer/used_count","serviceruntime.googleapis.com/quota/rate/consumer/refund_count","serviceruntime.googleapis.com/quota/allocation/consumer/usage","serviceruntime.googleapis.com/quota/consumer/limit","serviceruntime.googleapis.com/quota/consumer/exceeded"]}]}},"state":"ENABLED","parent":"projects/1054864263763"}
[info] ✔  database: required API firebasedatabase.googleapis.com is enabled 
[info] 
[debug] [2022-01-06T17:53:50.549Z] > refreshing access token with scopes: ["email","https://www.googleapis.com/auth/cloud-platform","https://www.googleapis.com/auth/cloudplatformprojects.readonly","https://www.googleapis.com/auth/firebase","openid"]
[debug] [2022-01-06T17:53:50.550Z] >>> HTTP REQUEST POST https://www.googleapis.com/oauth2/v3/token  
 <request body omitted>
[debug] [2022-01-06T17:53:50.751Z] <<< HTTP RESPONSE 200 {"pragma":"no-cache","date":"Thu, 06 Jan 2022 17:53:50 GMT","expires":"Mon, 01 Jan 1990 00:00:00 GMT","cache-control":"no-cache, no-store, max-age=0, must-revalidate","content-type":"application/json; charset=utf-8","vary":"X-Origin, Referer, Origin,Accept-Encoding","server":"scaffolding on HTTPServer2","x-xss-protection":"0","x-frame-options":"SAMEORIGIN","x-content-type-options":"nosniff","alt-svc":"h3=\":443\"; ma=2592000,h3-29=\":443\"; ma=2592000,h3-Q050=\":443\"; ma=2592000,h3-Q046=\":443\"; ma=2592000,h3-Q043=\":443\"; ma=2592000,quic=\":443\"; ma=2592000; v=\"46,43\"","accept-ranges":"none","transfer-encoding":"chunked"}
[debug] [2022-01-06T17:53:50.771Z] >>> HTTP REQUEST GET https://firebasedatabase.googleapis.com/v1beta/projects/letmeask-9f3fe/locations/-/instances/letmeask-9f3fe-default-rtdb  
 
[debug] [2022-01-06T17:53:51.964Z] <<< HTTP RESPONSE 200 {"content-type":"application/json; charset=UTF-8","vary":"X-Origin, Referer, Origin,Accept-Encoding","date":"Thu, 06 Jan 2022 17:53:51 GMT","server":"ESF","cache-control":"private","x-xss-protection":"0","x-frame-options":"SAMEORIGIN","x-content-type-options":"nosniff","alt-svc":"h3=\":443\"; ma=2592000,h3-29=\":443\"; ma=2592000,h3-Q050=\":443\"; ma=2592000,h3-Q046=\":443\"; ma=2592000,h3-Q043=\":443\"; ma=2592000,quic=\":443\"; ma=2592000; v=\"46,43\"","accept-ranges":"none","transfer-encoding":"chunked"}
[info] 
[info] Firebase Realtime Database Security Rules allow you to define how your data should be
[info] structured and when your data can be read from and written to.
[info] 
[debug] [2022-01-06T17:54:04.080Z] >>> HTTP REQUEST GET https://letmeask-9f3fe-default-rtdb.firebaseio.com/.settings/rules.json  
 
[debug] [2022-01-06T17:54:05.116Z] <<< HTTP RESPONSE 200 {"server":"nginx","date":"Thu, 06 Jan 2022 17:54:05 GMT","content-type":"application/json; charset=utf-8","content-length":"571","connection":"keep-alive","access-control-allow-origin":"*","cache-control":"no-cache","strict-transport-security":"max-age=31556926; includeSubDomains; preload"}
[info] ✔  Database Rules for letmeask-9f3fe-default-rtdb have been written to database.rules.json. 
[info] Future modifications to database.rules.json will update Realtime Database Security Rules when you run
[info] firebase deploy.
[info] 
=== Hosting Setup
[info] 
[info] Your public directory is the folder (relative to your project directory) that
[info] will contain Hosting assets to be uploaded with firebase deploy. If you
[info] have a build process for your assets, use your build's output directory.
[info] 
[debug] [2022-01-06T17:55:18.870Z] >>> [apiv2][query] GET https://www.gstatic.com/firebasejs/releases.json [none]
[debug] [2022-01-06T17:55:19.006Z] <<< [apiv2][status] GET https://www.gstatic.com/firebasejs/releases.json 200
[debug] [2022-01-06T17:55:19.007Z] <<< [apiv2][body] GET https://www.gstatic.com/firebasejs/releases.json {"current":{"version":"9.6.1","browserURL":"https://www.gstatic.com/firebasejs/9.6.1/firebase.js","packageURL":"https://www.gstatic.com/firebasejs/9.6.1/firebase.tgz"},"live":{"version":"9.6","browserURL":"https://www.gstatic.com/firebasejs/live/9.6/firebase.js","packageURL":"https://www.gstatic.com/firebasejs/live/9.6/firebase.tgz"},"components":{"analytics":"https://www.gstatic.com/firebasejs/9.6.1/firebase-analytics.js","app":"https://www.gstatic.com/firebasejs/9.6.1/firebase-app.js","app-check":"https://www.gstatic.com/firebasejs/9.6.1/firebase-app-check.js","auth":"https://www.gstatic.com/firebasejs/9.6.1/firebase-auth.js","auth/cordova":"https://www.gstatic.com/firebasejs/9.6.1/firebase-auth/cordova.js","auth/react-native":"https://www.gstatic.com/firebasejs/9.6.1/firebase-auth/react-native.js","functions":"https://www.gstatic.com/firebasejs/9.6.1/firebase-functions.js","firestore":"https://www.gstatic.com/firebasejs/9.6.1/firebase-firestore.js","firestore/lite":"https://www.gstatic.com/firebasejs/9.6.1/firebase-firestore/lite.js","storage":"https://www.gstatic.com/firebasejs/9.6.1/firebase-storage.js","performance":"https://www.gstatic.com/firebasejs/9.6.1/firebase-performance.js","remote-config":"https://www.gstatic.com/firebasejs/9.6.1/firebase-remote-config.js","messaging":"https://www.gstatic.com/firebasejs/9.6.1/firebase-messaging.js","messaging/sw":"https://www.gstatic.com/firebasejs/9.6.1/firebase-messaging/sw.js","database":"https://www.gstatic.com/firebasejs/9.6.1/firebase-database.js","firestore.memory":"https://www.gstatic.com/firebasejs/9.6.1/firebase-firestore.memory.js"}}
[info] ✔  Wrote build/index.html 
[info] 
[info] i  Detected a .git folder at /home/joao/Documentos/www/rocketseat/next-level-week06/trilha-react/letmeask 
[info] i  Authorizing with GitHub to upload your service account to a GitHub repository's secrets store. 
[info] 
[info] Visit this URL on this device to log in:
[info] https://github.com/login/oauth/authorize?client_id=89cf50f02ac6aaed3484&state=108656297&redirect_uri=http%3A%2F%2Flocalhost%3A9005&scope=read%3Auser%20repo%20public_repo
[info] 
[info] Waiting for authentication...
[debug] [2022-01-06T17:55:37.123Z] >>> HTTP REQUEST POST https://github.com/login/oauth/access_token  
 {"client_id":"89cf50f02ac6aaed3484","client_secret":"3330d14abc895d9a74d5f17cd7a00711fa2c5bf0","code":"f4843f75d5bbcfc701b8","redirect_uri":"http://localhost:9005","state":"108656297"}
[debug] [2022-01-06T17:55:37.438Z] <<< HTTP RESPONSE 200 {"server":"GitHub.com","date":"Thu, 06 Jan 2022 17:55:37 GMT","content-type":"application/json; charset=utf-8","transfer-encoding":"chunked","vary":"X-PJAX, X-PJAX-Container, Accept-Encoding, Accept, X-Requested-With","permissions-policy":"interest-cohort=()","etag":"W/\"0a5b2d1851dbf405e1d7679a73973920\"","cache-control":"max-age=0, private, must-revalidate","strict-transport-security":"max-age=31536000; includeSubdomains; preload","x-frame-options":"deny","x-content-type-options":"nosniff","x-xss-protection":"0","referrer-policy":"origin-when-cross-origin, strict-origin-when-cross-origin","expect-ct":"max-age=2592000, report-uri=\"https://api.github.com/_private/browser/errors\"","content-security-policy":"default-src 'none'; base-uri 'self'; block-all-mixed-content; child-src github.com/assets-cdn/worker/ gist.github.com/assets-cdn/worker/; connect-src 'self' uploads.github.com objects-origin.githubusercontent.com www.githubstatus.com collector.githubapp.com api.github.com github-cloud.s3.amazonaws.com github-production-repository-file-5c1aeb.s3.amazonaws.com github-production-upload-manifest-file-7fdce7.s3.amazonaws.com github-production-user-asset-6210df.s3.amazonaws.com cdn.optimizely.com logx.optimizely.com/v1/events translator.github.com wss://alive.github.com; font-src github.githubassets.com; form-action 'self' github.com gist.github.com objects-origin.githubusercontent.com; frame-ancestors 'none'; frame-src render.githubusercontent.com viewscreen.githubusercontent.com notebooks.githubusercontent.com; img-src 'self' data: github.githubassets.com identicons.github.com collector.githubapp.com github-cloud.s3.amazonaws.com secured-user-images.githubusercontent.com/ *.githubusercontent.com; manifest-src 'self'; media-src github.com user-images.githubusercontent.com/; script-src github.githubassets.com; style-src 'unsafe-inline' github.githubassets.com; worker-src github.com/assets-cdn/worker/ gist.github.com/assets-cdn/worker/","x-github-request-id":"91AA:3C2E:14E29A:19C64E:61D72D19"}
[debug] [2022-01-06T17:55:37.441Z] >>> [apiv2][query] GET https://api.github.com/user [none]
[debug] [2022-01-06T17:55:37.753Z] <<< [apiv2][status] GET https://api.github.com/user 200
[debug] [2022-01-06T17:55:37.754Z] <<< [apiv2][body] GET https://api.github.com/user {"login":"joaovitorJS","id":55931239,"node_id":"MDQ6VXNlcjU1OTMxMjM5","avatar_url":"https://avatars.githubusercontent.com/u/55931239?v=4","gravatar_id":"","url":"https://api.github.com/users/joaovitorJS","html_url":"https://github.com/joaovitorJS","followers_url":"https://api.github.com/users/joaovitorJS/followers","following_url":"https://api.github.com/users/joaovitorJS/following{/other_user}","gists_url":"https://api.github.com/users/joaovitorJS/gists{/gist_id}","starred_url":"https://api.github.com/users/joaovitorJS/starred{/owner}{/repo}","subscriptions_url":"https://api.github.com/users/joaovitorJS/subscriptions","organizations_url":"https://api.github.com/users/joaovitorJS/orgs","repos_url":"https://api.github.com/users/joaovitorJS/repos","events_url":"https://api.github.com/users/joaovitorJS/events{/privacy}","received_events_url":"https://api.github.com/users/joaovitorJS/received_events","type":"User","site_admin":false,"name":"João Vitor de Oliveira","company":null,"blog":"https://www.linkedin.com/in/jo%C3%A3o-vitor-oliveira-85a886174/","location":"Dourados-MS","email":"joao.vitordeoliveira@hotmail.com","hireable":null,"bio":"Estudante de Ciências da Computação - Uems - Dourados/MS. ","twitter_username":null,"public_repos":19,"public_gists":0,"followers":7,"following":8,"created_at":"2019-09-28T22:05:43Z","updated_at":"2021-12-28T18:51:47Z","private_gists":0,"total_private_repos":3,"owned_private_repos":3,"disk_usage":30944,"collaborators":0,"two_factor_authentication":false,"plan":{"name":"pro","space":976562499,"collaborators":0,"private_repos":9999}}
[info] 
[info] ✔  Success! Logged into GitHub as joaovitorJS 
[info] 
